<?xml version="1.0" encoding="UTF-8"?>
<testng-results ignored="0" total="5" passed="5" failed="0" skipped="0">
  <reporter-output>
  </reporter-output>
  <suite started-at="2025-03-24T11:23:54 IST" name="LUMA Suite" finished-at="2025-03-24T11:25:31 IST" duration-ms="97273">
    <groups>
      <group name="cucumber">
        <method signature="AbstractTestNGCucumberTests.runScenario(io.cucumber.testng.PickleWrapper,io.cucumber.testng.FeatureWrapper)[pri:0, instance:com.LUMA.testRunner.LumaUserRegestrationTestRunner@13bc8645]" name="runScenario" class="io.cucumber.testng.AbstractTestNGCucumberTests"/>
      </group> <!-- cucumber -->
    </groups>
    <test started-at="2025-03-24T11:23:54 IST" name="LUMA Test" finished-at="2025-03-24T11:25:31 IST" duration-ms="97273">
      <class name="com.LUMA.testRunner.LumaUserRegestrationTestRunner">
        <test-method is-config="true" signature="setUpClass(org.testng.ITestContext)[pri:0, instance:com.LUMA.testRunner.LumaUserRegestrationTestRunner@13bc8645]" started-at="2025-03-24T11:23:54 IST" name="setUpClass" finished-at="2025-03-24T11:23:55 IST" duration-ms="651" status="PASS">
          <params>
            <param index="0">
              <value>
                <![CDATA[org.testng.TestRunner@37f627d0]]>
              </value>
            </param>
          </params>
          <reporter-output>
          </reporter-output>
        </test-method> <!-- setUpClass -->
        <test-method signature="runScenario(io.cucumber.testng.PickleWrapper,io.cucumber.testng.FeatureWrapper)[pri:0, instance:com.LUMA.testRunner.LumaUserRegestrationTestRunner@13bc8645]" started-at="2025-03-24T11:23:55 IST" name="runScenario" description="Runs Cucumber Scenarios" data-provider="scenarios" finished-at="2025-03-24T11:24:06 IST" duration-ms="11571" status="PASS">
          <params>
            <param index="0">
              <value>
                <![CDATA["To check the Creating New Customer Account page with valid and invalid data"]]>
              </value>
            </param>
            <param index="1">
              <value>
                <![CDATA["Checking User Registration"]]>
              </value>
            </param>
          </params>
          <reporter-output>
          </reporter-output>
        </test-method> <!-- runScenario -->
        <test-method signature="runScenario(io.cucumber.testng.PickleWrapper,io.cucumber.testng.FeatureWrapper)[pri:0, instance:com.LUMA.testRunner.LumaUserRegestrationTestRunner@13bc8645]" started-at="2025-03-24T11:24:06 IST" name="runScenario" description="Runs Cucumber Scenarios" data-provider="scenarios" finished-at="2025-03-24T11:24:23 IST" duration-ms="16940" status="PASS">
          <params>
            <param index="0">
              <value>
                <![CDATA["To check the Sign In functionality, auto-suggestion feature in search, and addition of product to the cart"]]>
              </value>
            </param>
            <param index="1">
              <value>
                <![CDATA["Checking Login, Product Search, and Adding Product to Cart"]]>
              </value>
            </param>
          </params>
          <reporter-output>
          </reporter-output>
        </test-method> <!-- runScenario -->
        <test-method signature="runScenario(io.cucumber.testng.PickleWrapper,io.cucumber.testng.FeatureWrapper)[pri:0, instance:com.LUMA.testRunner.LumaUserRegestrationTestRunner@13bc8645]" started-at="2025-03-24T11:24:23 IST" name="runScenario" description="Runs Cucumber Scenarios" data-provider="scenarios" finished-at="2025-03-24T11:24:35 IST" duration-ms="11200" status="PASS">
          <params>
            <param index="0">
              <value>
                <![CDATA["To check the Login functionality with valid and invalid credentials"]]>
              </value>
            </param>
            <param index="1">
              <value>
                <![CDATA["Checking Login with Valid and Invalid Credentials"]]>
              </value>
            </param>
          </params>
          <reporter-output>
          </reporter-output>
        </test-method> <!-- runScenario -->
        <test-method signature="runScenario(io.cucumber.testng.PickleWrapper,io.cucumber.testng.FeatureWrapper)[pri:0, instance:com.LUMA.testRunner.LumaUserRegestrationTestRunner@13bc8645]" started-at="2025-03-24T11:24:35 IST" name="runScenario" description="Runs Cucumber Scenarios" data-provider="scenarios" finished-at="2025-03-24T11:25:14 IST" duration-ms="39174" status="PASS">
          <params>
            <param index="0">
              <value>
                <![CDATA["Adding Multiple Products to Cart & Validating Cart Summary"]]>
              </value>
            </param>
            <param index="1">
              <value>
                <![CDATA["Adding Multiple Products to Cart & Validating Cart Summary"]]>
              </value>
            </param>
          </params>
          <reporter-output>
          </reporter-output>
        </test-method> <!-- runScenario -->
        <test-method signature="runScenario(io.cucumber.testng.PickleWrapper,io.cucumber.testng.FeatureWrapper)[pri:0, instance:com.LUMA.testRunner.LumaUserRegestrationTestRunner@13bc8645]" started-at="2025-03-24T11:25:14 IST" name="runScenario" description="Runs Cucumber Scenarios" data-provider="scenarios" finished-at="2025-03-24T11:25:31 IST" duration-ms="17608" status="PASS">
          <params>
            <param index="0">
              <value>
                <![CDATA["To check the Logout functionality"]]>
              </value>
            </param>
            <param index="1">
              <value>
                <![CDATA["Checking Logout Functionality"]]>
              </value>
            </param>
          </params>
          <reporter-output>
          </reporter-output>
        </test-method> <!-- runScenario -->
        <test-method is-config="true" signature="tearDownClass()[pri:0, instance:com.LUMA.testRunner.LumaUserRegestrationTestRunner@13bc8645]" started-at="2025-03-24T11:25:31 IST" name="tearDownClass" finished-at="2025-03-24T11:25:31 IST" duration-ms="13" status="PASS">
          <reporter-output>
          </reporter-output>
        </test-method> <!-- tearDownClass -->
      </class> <!-- com.LUMA.testRunner.LumaUserRegestrationTestRunner -->
    </test> <!-- LUMA Test -->
  </suite> <!-- LUMA Suite -->
</testng-results>
